11-27 22:35:13 com_github_MitjaNemec_ReplicateLayout.action_replicate_layout 392:Plugin executed on: 'darwin'
11-27 22:35:13 com_github_MitjaNemec_ReplicateLayout.action_replicate_layout 393:Plugin executed with python version: '3.9.13 (v3.9.13:6de2ca5339, May 17 2022, 11:37:23) \n[Clang 13.0.0 (clang-1300.0.29.30)]'
11-27 22:35:13 com_github_MitjaNemec_ReplicateLayout.action_replicate_layout 394:KiCad build version: 8.0.3
11-27 22:35:13 com_github_MitjaNemec_ReplicateLayout.action_replicate_layout 395:Plugin version: 3.0.3
11-27 22:35:13 com_github_MitjaNemec_ReplicateLayout.action_replicate_layout 396:Frame repr: <wx._core.Frame object at 0x14ff90670>
11-27 22:35:13 com_github_MitjaNemec_ReplicateLayout.action_replicate_layout 420:Preparing replicator with R1 as a reference
11-27 22:35:13 com_github_MitjaNemec_ReplicateLayout.replicate_layout 117:getting a list of all footprints on board
11-27 22:35:13 com_github_MitjaNemec_ReplicateLayout.action_replicate_layout 468:source anchor footprint is 'R1'
Located on: ['batteries1']
With filenames: ['batteries.kicad_sch']
With sheet_id:['batteries1']
11-27 22:35:13 com_github_MitjaNemec_ReplicateLayout.action_replicate_layout 475:Corresponding footprints are 
[('R47', ['batteries4']), ('R46', ['batteries3']), ('R1', ['batteries1']), ('R8', ['batteries2'])]
11-27 22:35:13 com_github_MitjaNemec_ReplicateLayout.action_replicate_layout 487:Showing dialog
11-27 22:35:13 com_github_MitjaNemec_ReplicateLayout.replicate_layout 472:constructing a list of sheets suitable for replication on level:'batteries1', file:'batteries.kicad_sch'
11-27 22:35:13 com_github_MitjaNemec_ReplicateLayout.replicate_layout 509:suitable sheets are:[['batteries2'], ['batteries3'], ['batteries4']]
11-27 22:35:13 com_github_MitjaNemec_ReplicateLayout.replicate_layout 1507:Level selected: ['batteries1']
11-27 22:35:13 com_github_MitjaNemec_ReplicateLayout.replicate_layout 1331:Filtering list of tracks
11-27 22:35:13 com_github_MitjaNemec_ReplicateLayout.action_replicate_layout 493:Toolbar position: wx.Point(1694, 100)
11-27 22:35:13 com_github_MitjaNemec_ReplicateLayout.action_replicate_layout 498:Dialog position: wx.Point(1255, 100)
11-27 22:35:21 com_github_MitjaNemec_ReplicateLayout.replicate_layout 472:constructing a list of sheets suitable for replication on level:'batteries1', file:'batteries.kicad_sch'
11-27 22:35:21 com_github_MitjaNemec_ReplicateLayout.replicate_layout 509:suitable sheets are:[['batteries2'], ['batteries3'], ['batteries4']]
11-27 22:35:21 com_github_MitjaNemec_ReplicateLayout.action_replicate_layout 240:Replicating layout
11-27 22:35:21 com_github_MitjaNemec_ReplicateLayout.replicate_layout 288:Starting replication of sheets: [['batteries2'], ['batteries3'], ['batteries4']]
on level: ['batteries1']
with tracks=True, zone=True, text=True, text=True, intersecting=False, remove=False, locked footprints=False, group_only=False
11-27 22:35:21 root 332:updating GUI message: 'Preparing for replication'
11-27 22:35:21 com_github_MitjaNemec_ReplicateLayout.replicate_layout 358:Getting the list of source footprints
11-27 22:35:21 root 337:updating GUI with: 0
11-27 22:35:21 com_github_MitjaNemec_ReplicateLayout.replicate_layout 368:Getting the list of all the remaining footprints
11-27 22:35:21 com_github_MitjaNemec_ReplicateLayout.replicate_layout 375:Getting source tracks
11-27 22:35:21 com_github_MitjaNemec_ReplicateLayout.replicate_layout 1331:Filtering list of tracks
11-27 22:35:21 com_github_MitjaNemec_ReplicateLayout.replicate_layout 379:Getting source zones
11-27 22:35:21 com_github_MitjaNemec_ReplicateLayout.replicate_layout 383:Getting source text items
11-27 22:35:21 com_github_MitjaNemec_ReplicateLayout.replicate_layout 387:Getting source drawing items
11-27 22:35:21 root 332:updating GUI message: 'Replicating footprints'
11-27 22:35:21 com_github_MitjaNemec_ReplicateLayout.replicate_layout 861:Replicating footprints
11-27 22:35:21 com_github_MitjaNemec_ReplicateLayout.replicate_layout 868:Replicating footprints on sheet ['batteries2']
11-27 22:35:21 com_github_MitjaNemec_ReplicateLayout.replicate_layout 985:Src text UUid:d5651245-936a-4b66-8259-e1dca6f55dc5
11-27 22:35:21 com_github_MitjaNemec_ReplicateLayout.replicate_layout 986:Dst text UUid:799133ab-9865-4fbf-9428-7a66c0af3cab
11-27 22:35:21 com_github_MitjaNemec_ReplicateLayout.replicate_layout 985:Src text UUid:edc0cd9e-86b2-483e-b96e-47843ae31fee
11-27 22:35:21 com_github_MitjaNemec_ReplicateLayout.replicate_layout 986:Dst text UUid:74128cb1-8325-4358-a15c-7879e6398882
11-27 22:35:21 com_github_MitjaNemec_ReplicateLayout.replicate_layout 985:Src text UUid:dd084b53-993f-42b5-b42e-da9cf9fa6b3a
11-27 22:35:21 com_github_MitjaNemec_ReplicateLayout.replicate_layout 986:Dst text UUid:abcb95da-5c32-4cdf-b2db-c67698b2e97f
11-27 22:35:21 root 337:updating GUI with: 3
11-27 22:35:21 com_github_MitjaNemec_ReplicateLayout.replicate_layout 985:Src text UUid:17ffd535-851e-4db3-8d99-571fae6b3c4b
11-27 22:35:21 com_github_MitjaNemec_ReplicateLayout.replicate_layout 986:Dst text UUid:098b70c3-01a6-490c-8df2-292e34f0fd63
11-27 22:35:21 com_github_MitjaNemec_ReplicateLayout.replicate_layout 985:Src text UUid:3a756ee8-f1ba-452b-9ebb-1a2180dd27bd
11-27 22:35:21 com_github_MitjaNemec_ReplicateLayout.replicate_layout 986:Dst text UUid:86041b89-b39c-440a-8db0-96a589c126ce
11-27 22:35:21 com_github_MitjaNemec_ReplicateLayout.replicate_layout 985:Src text UUid:29ef4fe5-2786-48ff-8ebe-5248f5acc88d
11-27 22:35:21 com_github_MitjaNemec_ReplicateLayout.replicate_layout 986:Dst text UUid:c8a1d131-8a94-4a55-8249-57f9ef6658f0
11-27 22:35:21 com_github_MitjaNemec_ReplicateLayout.replicate_layout 985:Src text UUid:d2727d34-4970-4194-94f5-d505b8ee6383
11-27 22:35:21 com_github_MitjaNemec_ReplicateLayout.replicate_layout 986:Dst text UUid:ecb870df-ec7d-484c-8186-433cac4b65bc
11-27 22:35:21 com_github_MitjaNemec_ReplicateLayout.replicate_layout 985:Src text UUid:2016850c-11e9-4603-b75d-8913ebf5f867
11-27 22:35:21 com_github_MitjaNemec_ReplicateLayout.replicate_layout 986:Dst text UUid:eff5c973-1223-4e42-abf0-a9f70e44e2eb
11-27 22:35:21 com_github_MitjaNemec_ReplicateLayout.replicate_layout 985:Src text UUid:94ee9bcf-6871-4865-9c6a-4009882611b9
11-27 22:35:21 com_github_MitjaNemec_ReplicateLayout.replicate_layout 986:Dst text UUid:52c376af-dfcc-4d00-bc24-01a093a923d2
11-27 22:35:21 com_github_MitjaNemec_ReplicateLayout.replicate_layout 985:Src text UUid:e0a0c24b-b91e-4286-ac58-df094dc4f61d
11-27 22:35:21 com_github_MitjaNemec_ReplicateLayout.replicate_layout 986:Dst text UUid:cd3b0b48-183b-47f5-a7b7-772cbf696ff9
11-27 22:35:21 com_github_MitjaNemec_ReplicateLayout.replicate_layout 985:Src text UUid:6d9e27e7-7e0b-46cf-8877-ada67c814ea0
11-27 22:35:21 com_github_MitjaNemec_ReplicateLayout.replicate_layout 986:Dst text UUid:003d3d9d-056d-4e06-9d66-3abe097f245e
11-27 22:35:21 com_github_MitjaNemec_ReplicateLayout.replicate_layout 985:Src text UUid:23a423fe-8961-426f-b950-6d013fb7c018
11-27 22:35:21 com_github_MitjaNemec_ReplicateLayout.replicate_layout 986:Dst text UUid:9ff84a94-fed9-4d9b-9fce-103b4d12a9c3
11-27 22:35:21 com_github_MitjaNemec_ReplicateLayout.replicate_layout 985:Src text UUid:68369356-9250-40ea-a9fd-542e01dc0d7d
11-27 22:35:21 com_github_MitjaNemec_ReplicateLayout.replicate_layout 986:Dst text UUid:7028a964-ce2e-42ea-9fad-15d2a71eb842
11-27 22:35:21 com_github_MitjaNemec_ReplicateLayout.replicate_layout 985:Src text UUid:56f79e30-4e54-408f-ad43-662b006bf88e
11-27 22:35:21 com_github_MitjaNemec_ReplicateLayout.replicate_layout 986:Dst text UUid:924de27b-72f3-45ec-9654-ce951350423c
11-27 22:35:21 com_github_MitjaNemec_ReplicateLayout.replicate_layout 985:Src text UUid:963adbcc-235b-425a-82af-eb6047ecc6d1
11-27 22:35:21 com_github_MitjaNemec_ReplicateLayout.replicate_layout 986:Dst text UUid:22bf7a8d-8b5a-4148-b6e1-12166e3dfb8a
11-27 22:35:21 com_github_MitjaNemec_ReplicateLayout.replicate_layout 985:Src text UUid:7a9762a4-28f1-4996-8441-8fdb4852cce0
11-27 22:35:21 com_github_MitjaNemec_ReplicateLayout.replicate_layout 986:Dst text UUid:10137355-2aed-4eb6-8201-93e5dc3e833a
11-27 22:35:21 com_github_MitjaNemec_ReplicateLayout.replicate_layout 985:Src text UUid:86d588e5-3b5c-41e8-99b1-4f1f90befe53
11-27 22:35:21 com_github_MitjaNemec_ReplicateLayout.replicate_layout 986:Dst text UUid:4c90af80-3d84-4a3d-8132-01e9ec29838f
11-27 22:35:21 com_github_MitjaNemec_ReplicateLayout.replicate_layout 985:Src text UUid:4161d3bb-4ac3-4fc1-bb59-a618da3495c1
11-27 22:35:21 com_github_MitjaNemec_ReplicateLayout.replicate_layout 986:Dst text UUid:1458baa4-fdc5-4a00-bd61-16068f25008f
11-27 22:35:21 com_github_MitjaNemec_ReplicateLayout.replicate_layout 985:Src text UUid:6c7bc4f1-3f7c-40f3-a41b-42f9baf3da61
11-27 22:35:21 com_github_MitjaNemec_ReplicateLayout.replicate_layout 986:Dst text UUid:9979b4f5-8cd5-490f-966f-733fca15ef1d
11-27 22:35:21 com_github_MitjaNemec_ReplicateLayout.replicate_layout 985:Src text UUid:9dacd3bf-557f-4a1a-838a-3b67862ebbf8
11-27 22:35:21 com_github_MitjaNemec_ReplicateLayout.replicate_layout 986:Dst text UUid:a5d47d44-b356-4e83-963d-f01372cd657d
11-27 22:35:21 com_github_MitjaNemec_ReplicateLayout.replicate_layout 985:Src text UUid:3c5c6d19-2dcb-41e1-b0af-5356485d3802
11-27 22:35:21 com_github_MitjaNemec_ReplicateLayout.replicate_layout 986:Dst text UUid:7379a48d-c6cd-48aa-857b-ab826ff6601b
11-27 22:35:21 com_github_MitjaNemec_ReplicateLayout.replicate_layout 985:Src text UUid:2484a65d-8721-4f42-bcb0-e542d040287a
11-27 22:35:21 com_github_MitjaNemec_ReplicateLayout.replicate_layout 986:Dst text UUid:3fda6f95-cb73-48ce-be95-0ca23d074270
11-27 22:35:21 com_github_MitjaNemec_ReplicateLayout.replicate_layout 985:Src text UUid:46c9ef8a-f0e9-4bd5-88f7-e659ff52c297
11-27 22:35:21 com_github_MitjaNemec_ReplicateLayout.replicate_layout 986:Dst text UUid:3ec8840e-ac22-4981-89e1-2789fd9d3f95
11-27 22:35:21 com_github_MitjaNemec_ReplicateLayout.replicate_layout 985:Src text UUid:2d113ec3-19c6-411d-8c1e-166f92d5ec85
11-27 22:35:21 com_github_MitjaNemec_ReplicateLayout.replicate_layout 986:Dst text UUid:9b4d902f-be36-4ec1-8fc9-55eb0cf60065
11-27 22:35:21 com_github_MitjaNemec_ReplicateLayout.replicate_layout 985:Src text UUid:eb982748-f4d1-427e-b2fe-10913fae6cb4
11-27 22:35:21 com_github_MitjaNemec_ReplicateLayout.replicate_layout 986:Dst text UUid:95238914-0f0c-4d98-9976-1e6ae5b1f0af
11-27 22:35:21 com_github_MitjaNemec_ReplicateLayout.replicate_layout 985:Src text UUid:c47afb78-d734-4d1a-a976-9fb1ca8f957d
11-27 22:35:21 com_github_MitjaNemec_ReplicateLayout.replicate_layout 986:Dst text UUid:e8872414-dd4f-4db7-bf0c-515afbcddb9d
11-27 22:35:21 com_github_MitjaNemec_ReplicateLayout.replicate_layout 985:Src text UUid:71062c81-da9b-438a-b28b-97ec171c9ed6
11-27 22:35:21 com_github_MitjaNemec_ReplicateLayout.replicate_layout 986:Dst text UUid:acbae448-3f92-4f6b-b8fe-d8315e7560a1
11-27 22:35:21 com_github_MitjaNemec_ReplicateLayout.replicate_layout 985:Src text UUid:cfc1be33-19e5-4c18-9223-8a6fe94bb131
11-27 22:35:21 com_github_MitjaNemec_ReplicateLayout.replicate_layout 986:Dst text UUid:182c1b07-ef43-406e-b7a3-37245607b848
11-27 22:35:21 com_github_MitjaNemec_ReplicateLayout.replicate_layout 985:Src text UUid:96823d8c-9609-4bc7-8452-038d4039483a
11-27 22:35:21 com_github_MitjaNemec_ReplicateLayout.replicate_layout 986:Dst text UUid:bc13c9fb-b8c3-4027-8b9f-538b8a1d8d44
11-27 22:35:21 com_github_MitjaNemec_ReplicateLayout.replicate_layout 985:Src text UUid:81be5b61-62eb-4378-8eda-17726c99cb37
11-27 22:35:21 com_github_MitjaNemec_ReplicateLayout.replicate_layout 986:Dst text UUid:c2f2bc4e-78f9-4f83-aa94-164f0234439e
11-27 22:35:21 com_github_MitjaNemec_ReplicateLayout.replicate_layout 985:Src text UUid:18e4104c-eb48-40d2-b45e-5c2f43f10de2
11-27 22:35:21 com_github_MitjaNemec_ReplicateLayout.replicate_layout 986:Dst text UUid:8e707ea9-0ca2-480a-8808-f67f1548ac4f
11-27 22:35:21 com_github_MitjaNemec_ReplicateLayout.replicate_layout 985:Src text UUid:c939d5d3-b256-4246-8420-89b3c55ffd06
11-27 22:35:21 com_github_MitjaNemec_ReplicateLayout.replicate_layout 986:Dst text UUid:9f33a435-b78d-4c4c-967b-5b7fbda479ef
11-27 22:35:21 com_github_MitjaNemec_ReplicateLayout.replicate_layout 985:Src text UUid:2783c02a-2ce5-485a-b978-43affbd35724
11-27 22:35:21 com_github_MitjaNemec_ReplicateLayout.replicate_layout 986:Dst text UUid:60e8d3ed-97cb-4b85-9d3f-219381f00504
11-27 22:35:21 com_github_MitjaNemec_ReplicateLayout.replicate_layout 985:Src text UUid:5b2accbb-36f3-40f9-802f-f39170244ee4
11-27 22:35:21 com_github_MitjaNemec_ReplicateLayout.replicate_layout 986:Dst text UUid:928296b0-a667-441f-ad58-6b862d22e8b4
11-27 22:35:21 com_github_MitjaNemec_ReplicateLayout.replicate_layout 985:Src text UUid:b6ed2286-d96e-4d78-96bf-4f0950f31708
11-27 22:35:21 com_github_MitjaNemec_ReplicateLayout.replicate_layout 986:Dst text UUid:95022dd6-e3a6-4606-aad6-c5792794eaf2
11-27 22:35:21 com_github_MitjaNemec_ReplicateLayout.replicate_layout 985:Src text UUid:61aa3265-611a-4601-8d57-33cb99cbb9c2
11-27 22:35:21 com_github_MitjaNemec_ReplicateLayout.replicate_layout 986:Dst text UUid:1620fd9c-f51e-4a41-a2b8-3ae05b392d6a
11-27 22:35:21 com_github_MitjaNemec_ReplicateLayout.replicate_layout 985:Src text UUid:92a1180f-7c3c-40ae-96e6-d89e01292f7f
11-27 22:35:21 com_github_MitjaNemec_ReplicateLayout.replicate_layout 986:Dst text UUid:7152e335-ac0a-4e10-8ec2-ba89124fc127
11-27 22:35:21 com_github_MitjaNemec_ReplicateLayout.replicate_layout 985:Src text UUid:4583aea4-6b5b-445a-af7c-a18e29f5fc73
11-27 22:35:21 com_github_MitjaNemec_ReplicateLayout.replicate_layout 986:Dst text UUid:0a4c757c-9a8f-4dc0-a9da-c4f916f61475
11-27 22:35:21 com_github_MitjaNemec_ReplicateLayout.replicate_layout 985:Src text UUid:757ad8cf-9edb-44c9-a042-5baff9357b1a
11-27 22:35:21 com_github_MitjaNemec_ReplicateLayout.replicate_layout 986:Dst text UUid:c7a4f207-962f-49d0-b6f1-ce1d0e4ec833
11-27 22:35:21 com_github_MitjaNemec_ReplicateLayout.replicate_layout 985:Src text UUid:eb04023a-68c1-40bb-92dd-f5ce131d56e4
11-27 22:35:21 com_github_MitjaNemec_ReplicateLayout.replicate_layout 986:Dst text UUid:d66eeef7-9715-4c07-9932-1f1c88106963
11-27 22:35:21 com_github_MitjaNemec_ReplicateLayout.replicate_layout 985:Src text UUid:2ec93d3a-73fb-4806-a044-5aa8816aa60a
11-27 22:35:21 com_github_MitjaNemec_ReplicateLayout.replicate_layout 986:Dst text UUid:63e5981c-9551-4e4c-bc79-520481347f3a
11-27 22:35:21 com_github_MitjaNemec_ReplicateLayout.replicate_layout 985:Src text UUid:213b2656-afcd-493c-b803-29e5524bfa44
11-27 22:35:21 com_github_MitjaNemec_ReplicateLayout.replicate_layout 986:Dst text UUid:1b40f4d3-8651-4d53-b5dc-6686685aeec0
11-27 22:35:21 com_github_MitjaNemec_ReplicateLayout.replicate_layout 985:Src text UUid:a6b93ec8-d0d1-4456-86cc-0adea2cffc80
11-27 22:35:21 com_github_MitjaNemec_ReplicateLayout.replicate_layout 986:Dst text UUid:7e9d0adb-f8e2-4421-8d03-27d7227ba3f6
11-27 22:35:21 com_github_MitjaNemec_ReplicateLayout.replicate_layout 985:Src text UUid:6d984280-b950-4426-b916-d59b2a3ef91e
11-27 22:35:21 com_github_MitjaNemec_ReplicateLayout.replicate_layout 986:Dst text UUid:7565808b-cdd1-424d-8d70-05f6e44baea8
11-27 22:35:21 com_github_MitjaNemec_ReplicateLayout.replicate_layout 985:Src text UUid:aa5a80ae-a174-496f-a9fc-35b13379a1c2
11-27 22:35:21 com_github_MitjaNemec_ReplicateLayout.replicate_layout 986:Dst text UUid:d570253b-ef34-4df6-bb53-9947cb93f7f5
11-27 22:35:21 com_github_MitjaNemec_ReplicateLayout.replicate_layout 985:Src text UUid:6da10811-ea6a-45fc-8a9a-62b23b080f97
11-27 22:35:21 com_github_MitjaNemec_ReplicateLayout.replicate_layout 986:Dst text UUid:759dc01d-bef6-4922-9bc2-dbd344ea5d5e
11-27 22:35:21 com_github_MitjaNemec_ReplicateLayout.replicate_layout 985:Src text UUid:b1b62d0d-3c4d-425f-8768-90dca1a40d2f
11-27 22:35:21 com_github_MitjaNemec_ReplicateLayout.replicate_layout 986:Dst text UUid:39c2fde3-605a-491a-b5f3-c8cdd451ca2d
11-27 22:35:21 com_github_MitjaNemec_ReplicateLayout.replicate_layout 985:Src text UUid:343d4ad4-a90c-4246-8a41-ac625452572b
11-27 22:35:21 com_github_MitjaNemec_ReplicateLayout.replicate_layout 986:Dst text UUid:3b6420ac-b319-4a72-ae6b-a99b247cea46
11-27 22:35:21 com_github_MitjaNemec_ReplicateLayout.replicate_layout 985:Src text UUid:644469dc-53b4-4296-85c9-3989083cab9e
11-27 22:35:21 com_github_MitjaNemec_ReplicateLayout.replicate_layout 986:Dst text UUid:c3e9fcea-ecdd-4910-b794-06670a0111bc
11-27 22:35:21 com_github_MitjaNemec_ReplicateLayout.replicate_layout 985:Src text UUid:933241a3-1c7a-416a-8332-2840756bb724
11-27 22:35:21 com_github_MitjaNemec_ReplicateLayout.replicate_layout 986:Dst text UUid:4784047e-4ec7-4b98-a073-621b44f59781
11-27 22:35:21 com_github_MitjaNemec_ReplicateLayout.replicate_layout 985:Src text UUid:9eadc5a4-33be-40bb-96c8-0a11f4a9b0b4
11-27 22:35:21 com_github_MitjaNemec_ReplicateLayout.replicate_layout 986:Dst text UUid:98e7277f-ba3f-4306-a77f-3887a68f1332
11-27 22:35:21 com_github_MitjaNemec_ReplicateLayout.replicate_layout 985:Src text UUid:5cc48ed5-8a2b-4d50-ac75-aee2a7e00e08
11-27 22:35:21 com_github_MitjaNemec_ReplicateLayout.replicate_layout 986:Dst text UUid:3d631681-bb71-4ec0-8a68-db4475cd6c3b
11-27 22:35:21 com_github_MitjaNemec_ReplicateLayout.replicate_layout 985:Src text UUid:3176589b-4480-453b-87af-57a238f84d68
11-27 22:35:21 com_github_MitjaNemec_ReplicateLayout.replicate_layout 986:Dst text UUid:94aee533-ee4b-4a6d-a3df-d39d8ef7f86b
11-27 22:35:21 com_github_MitjaNemec_ReplicateLayout.replicate_layout 985:Src text UUid:c7095ee3-e770-4f76-885f-892a85c6c6d7
11-27 22:35:21 com_github_MitjaNemec_ReplicateLayout.replicate_layout 986:Dst text UUid:135b0039-c2c8-4c92-8ce0-05ddae735052
11-27 22:35:21 com_github_MitjaNemec_ReplicateLayout.replicate_layout 985:Src text UUid:5f07a288-013e-460f-abe4-e721c2a338e9
11-27 22:35:21 com_github_MitjaNemec_ReplicateLayout.replicate_layout 986:Dst text UUid:aa7733c7-becf-47fd-b904-8bf4aae6fae4
11-27 22:35:21 com_github_MitjaNemec_ReplicateLayout.replicate_layout 985:Src text UUid:164d5706-3fad-44a8-a3dd-d04f64fd0548
11-27 22:35:21 com_github_MitjaNemec_ReplicateLayout.replicate_layout 986:Dst text UUid:266493b7-befe-4812-92f7-ade08a38cc01
11-27 22:35:21 com_github_MitjaNemec_ReplicateLayout.replicate_layout 985:Src text UUid:25548056-c1e8-4ff1-990b-e89d800132c0
11-27 22:35:21 com_github_MitjaNemec_ReplicateLayout.replicate_layout 986:Dst text UUid:e89df615-81a5-42ab-8daf-a4bdaf272804
11-27 22:35:21 com_github_MitjaNemec_ReplicateLayout.replicate_layout 985:Src text UUid:a778e21c-4587-488b-90f6-6ae2549a8880
11-27 22:35:21 com_github_MitjaNemec_ReplicateLayout.replicate_layout 986:Dst text UUid:537028bd-6cb3-4189-af0c-1e99bb2efe38
11-27 22:35:21 com_github_MitjaNemec_ReplicateLayout.replicate_layout 985:Src text UUid:14871b72-b954-48da-be51-ba599d127aaa
11-27 22:35:21 com_github_MitjaNemec_ReplicateLayout.replicate_layout 986:Dst text UUid:76dc6422-87b1-4093-93b9-35e010d4dbc2
11-27 22:35:21 com_github_MitjaNemec_ReplicateLayout.replicate_layout 985:Src text UUid:a7930db1-a881-4994-9108-c7435dd716bd
11-27 22:35:21 com_github_MitjaNemec_ReplicateLayout.replicate_layout 986:Dst text UUid:aa213354-de2e-420e-86b2-c580fd813fa4
11-27 22:35:21 com_github_MitjaNemec_ReplicateLayout.replicate_layout 985:Src text UUid:41cd4481-66cc-4ef4-b157-f3b7569f8ff4
11-27 22:35:21 com_github_MitjaNemec_ReplicateLayout.replicate_layout 986:Dst text UUid:11ecb542-3c3d-4697-8835-e40c3247f0a8
11-27 22:35:21 com_github_MitjaNemec_ReplicateLayout.replicate_layout 868:Replicating footprints on sheet ['batteries3']
11-27 22:35:21 com_github_MitjaNemec_ReplicateLayout.replicate_layout 985:Src text UUid:d5651245-936a-4b66-8259-e1dca6f55dc5
11-27 22:35:21 com_github_MitjaNemec_ReplicateLayout.replicate_layout 986:Dst text UUid:7da20690-82c4-4fa0-a9cb-c60c178b384f
11-27 22:35:21 com_github_MitjaNemec_ReplicateLayout.replicate_layout 985:Src text UUid:edc0cd9e-86b2-483e-b96e-47843ae31fee
11-27 22:35:21 com_github_MitjaNemec_ReplicateLayout.replicate_layout 986:Dst text UUid:246d0c13-53e2-4ce4-8562-b2ea2b759ee1
11-27 22:35:21 com_github_MitjaNemec_ReplicateLayout.replicate_layout 985:Src text UUid:dd084b53-993f-42b5-b42e-da9cf9fa6b3a
11-27 22:35:21 com_github_MitjaNemec_ReplicateLayout.replicate_layout 986:Dst text UUid:832a8212-5405-452d-8a2d-7fd41416e52c
11-27 22:35:21 com_github_MitjaNemec_ReplicateLayout.replicate_layout 985:Src text UUid:17ffd535-851e-4db3-8d99-571fae6b3c4b
11-27 22:35:21 com_github_MitjaNemec_ReplicateLayout.replicate_layout 986:Dst text UUid:3f38f0e0-f826-41de-aa91-1b0651d2e26d
11-27 22:35:21 com_github_MitjaNemec_ReplicateLayout.replicate_layout 985:Src text UUid:3a756ee8-f1ba-452b-9ebb-1a2180dd27bd
11-27 22:35:21 com_github_MitjaNemec_ReplicateLayout.replicate_layout 986:Dst text UUid:7d3adfca-1877-46e3-b226-8db4abaef06b
11-27 22:35:21 com_github_MitjaNemec_ReplicateLayout.replicate_layout 985:Src text UUid:29ef4fe5-2786-48ff-8ebe-5248f5acc88d
11-27 22:35:21 com_github_MitjaNemec_ReplicateLayout.replicate_layout 986:Dst text UUid:6f5e4818-99b3-41e8-90f7-fcde25ee6acf
11-27 22:35:21 com_github_MitjaNemec_ReplicateLayout.replicate_layout 985:Src text UUid:d2727d34-4970-4194-94f5-d505b8ee6383
11-27 22:35:21 com_github_MitjaNemec_ReplicateLayout.replicate_layout 986:Dst text UUid:98191567-81ae-4f67-8307-9ccdd8e210c5
11-27 22:35:21 com_github_MitjaNemec_ReplicateLayout.replicate_layout 985:Src text UUid:2016850c-11e9-4603-b75d-8913ebf5f867
11-27 22:35:21 com_github_MitjaNemec_ReplicateLayout.replicate_layout 986:Dst text UUid:6f0834db-863e-4847-b741-09a26cc1c2e8
11-27 22:35:21 com_github_MitjaNemec_ReplicateLayout.replicate_layout 985:Src text UUid:94ee9bcf-6871-4865-9c6a-4009882611b9
11-27 22:35:21 com_github_MitjaNemec_ReplicateLayout.replicate_layout 986:Dst text UUid:d1a9759a-f982-4b9c-a84e-4ba27932a4a2
11-27 22:35:21 com_github_MitjaNemec_ReplicateLayout.replicate_layout 985:Src text UUid:e0a0c24b-b91e-4286-ac58-df094dc4f61d
11-27 22:35:21 com_github_MitjaNemec_ReplicateLayout.replicate_layout 986:Dst text UUid:09305f5f-547a-4032-9f76-f1cded4d005a
11-27 22:35:21 com_github_MitjaNemec_ReplicateLayout.replicate_layout 985:Src text UUid:6d9e27e7-7e0b-46cf-8877-ada67c814ea0
11-27 22:35:21 com_github_MitjaNemec_ReplicateLayout.replicate_layout 986:Dst text UUid:0e1dcb86-decd-4b13-9fd9-063800f99a68
11-27 22:35:21 com_github_MitjaNemec_ReplicateLayout.replicate_layout 985:Src text UUid:23a423fe-8961-426f-b950-6d013fb7c018
11-27 22:35:21 com_github_MitjaNemec_ReplicateLayout.replicate_layout 986:Dst text UUid:6a09c851-cfce-4875-8ee2-e94c9c1ec081
11-27 22:35:21 com_github_MitjaNemec_ReplicateLayout.replicate_layout 985:Src text UUid:68369356-9250-40ea-a9fd-542e01dc0d7d
11-27 22:35:21 com_github_MitjaNemec_ReplicateLayout.replicate_layout 986:Dst text UUid:0feb00f1-e74a-459a-b5d2-a51d19e785c7
11-27 22:35:21 com_github_MitjaNemec_ReplicateLayout.replicate_layout 985:Src text UUid:56f79e30-4e54-408f-ad43-662b006bf88e
11-27 22:35:21 com_github_MitjaNemec_ReplicateLayout.replicate_layout 986:Dst text UUid:1ae51851-da91-4424-b9a3-333c90a38c94
11-27 22:35:21 com_github_MitjaNemec_ReplicateLayout.replicate_layout 985:Src text UUid:963adbcc-235b-425a-82af-eb6047ecc6d1
11-27 22:35:21 com_github_MitjaNemec_ReplicateLayout.replicate_layout 986:Dst text UUid:8ce31006-dc69-4216-ac0b-240358792f6f
11-27 22:35:21 com_github_MitjaNemec_ReplicateLayout.replicate_layout 985:Src text UUid:7a9762a4-28f1-4996-8441-8fdb4852cce0
11-27 22:35:21 com_github_MitjaNemec_ReplicateLayout.replicate_layout 986:Dst text UUid:6af25d06-df02-43fe-bbe9-949dd6b977a6
11-27 22:35:21 com_github_MitjaNemec_ReplicateLayout.replicate_layout 985:Src text UUid:86d588e5-3b5c-41e8-99b1-4f1f90befe53
11-27 22:35:21 com_github_MitjaNemec_ReplicateLayout.replicate_layout 986:Dst text UUid:e4c08ae7-b46a-4160-ad24-11bc4c378633
11-27 22:35:21 com_github_MitjaNemec_ReplicateLayout.replicate_layout 985:Src text UUid:4161d3bb-4ac3-4fc1-bb59-a618da3495c1
11-27 22:35:21 com_github_MitjaNemec_ReplicateLayout.replicate_layout 986:Dst text UUid:1270b3c8-fed6-4d2e-b59d-c4de15ccdf60
11-27 22:35:21 com_github_MitjaNemec_ReplicateLayout.replicate_layout 985:Src text UUid:6c7bc4f1-3f7c-40f3-a41b-42f9baf3da61
11-27 22:35:21 com_github_MitjaNemec_ReplicateLayout.replicate_layout 986:Dst text UUid:3ce6c3d0-3572-41e3-b2fa-ff1588b9891d
11-27 22:35:21 com_github_MitjaNemec_ReplicateLayout.replicate_layout 985:Src text UUid:9dacd3bf-557f-4a1a-838a-3b67862ebbf8
11-27 22:35:21 com_github_MitjaNemec_ReplicateLayout.replicate_layout 986:Dst text UUid:4c83422a-13a1-4ce7-a05a-3073bbf93737
11-27 22:35:21 com_github_MitjaNemec_ReplicateLayout.replicate_layout 985:Src text UUid:3c5c6d19-2dcb-41e1-b0af-5356485d3802
11-27 22:35:21 com_github_MitjaNemec_ReplicateLayout.replicate_layout 986:Dst text UUid:aae63f69-0099-43a0-9591-308ed7088eb6
11-27 22:35:21 com_github_MitjaNemec_ReplicateLayout.replicate_layout 985:Src text UUid:2484a65d-8721-4f42-bcb0-e542d040287a
11-27 22:35:21 com_github_MitjaNemec_ReplicateLayout.replicate_layout 986:Dst text UUid:3bdbd490-07b8-4b76-8866-4e80ff742d7b
11-27 22:35:21 com_github_MitjaNemec_ReplicateLayout.replicate_layout 985:Src text UUid:46c9ef8a-f0e9-4bd5-88f7-e659ff52c297
11-27 22:35:21 com_github_MitjaNemec_ReplicateLayout.replicate_layout 986:Dst text UUid:4da830c0-e7b0-417f-93ea-43d310893764
11-27 22:35:21 com_github_MitjaNemec_ReplicateLayout.replicate_layout 985:Src text UUid:2d113ec3-19c6-411d-8c1e-166f92d5ec85
11-27 22:35:21 com_github_MitjaNemec_ReplicateLayout.replicate_layout 986:Dst text UUid:4af3eefa-1da6-4535-a51f-13a01d259256
11-27 22:35:21 com_github_MitjaNemec_ReplicateLayout.replicate_layout 985:Src text UUid:eb982748-f4d1-427e-b2fe-10913fae6cb4
11-27 22:35:21 com_github_MitjaNemec_ReplicateLayout.replicate_layout 986:Dst text UUid:542c6ac1-048d-4594-b1ec-899949e4afc9
11-27 22:35:21 com_github_MitjaNemec_ReplicateLayout.replicate_layout 985:Src text UUid:c47afb78-d734-4d1a-a976-9fb1ca8f957d
11-27 22:35:21 com_github_MitjaNemec_ReplicateLayout.replicate_layout 986:Dst text UUid:b0bb06a5-4971-48c1-a685-079854a9ed9f
11-27 22:35:21 com_github_MitjaNemec_ReplicateLayout.replicate_layout 985:Src text UUid:71062c81-da9b-438a-b28b-97ec171c9ed6
11-27 22:35:21 com_github_MitjaNemec_ReplicateLayout.replicate_layout 986:Dst text UUid:a1393c1f-0d5c-44e2-be20-aa682546e1d0
11-27 22:35:21 com_github_MitjaNemec_ReplicateLayout.replicate_layout 985:Src text UUid:cfc1be33-19e5-4c18-9223-8a6fe94bb131
11-27 22:35:21 com_github_MitjaNemec_ReplicateLayout.replicate_layout 986:Dst text UUid:56d6e099-c2f0-432c-9269-af733701dfec
11-27 22:35:21 com_github_MitjaNemec_ReplicateLayout.replicate_layout 985:Src text UUid:96823d8c-9609-4bc7-8452-038d4039483a
11-27 22:35:21 com_github_MitjaNemec_ReplicateLayout.replicate_layout 986:Dst text UUid:03fc93bc-e217-4143-858b-7da7b7b77dc8
11-27 22:35:21 com_github_MitjaNemec_ReplicateLayout.replicate_layout 985:Src text UUid:81be5b61-62eb-4378-8eda-17726c99cb37
11-27 22:35:21 com_github_MitjaNemec_ReplicateLayout.replicate_layout 986:Dst text UUid:d658477a-1fa8-4e0f-a401-934292c32148
11-27 22:35:21 com_github_MitjaNemec_ReplicateLayout.replicate_layout 985:Src text UUid:18e4104c-eb48-40d2-b45e-5c2f43f10de2
11-27 22:35:21 com_github_MitjaNemec_ReplicateLayout.replicate_layout 986:Dst text UUid:00e16968-0510-4130-8cc3-60f4cd4ff49f
11-27 22:35:21 com_github_MitjaNemec_ReplicateLayout.replicate_layout 985:Src text UUid:c939d5d3-b256-4246-8420-89b3c55ffd06
11-27 22:35:21 com_github_MitjaNemec_ReplicateLayout.replicate_layout 986:Dst text UUid:c9f191f4-7398-470e-8893-02a0865a17f0
11-27 22:35:21 com_github_MitjaNemec_ReplicateLayout.replicate_layout 985:Src text UUid:2783c02a-2ce5-485a-b978-43affbd35724
11-27 22:35:21 com_github_MitjaNemec_ReplicateLayout.replicate_layout 986:Dst text UUid:25d8de8e-2da6-4503-a5ad-0fd5f35846f4
11-27 22:35:21 com_github_MitjaNemec_ReplicateLayout.replicate_layout 985:Src text UUid:5b2accbb-36f3-40f9-802f-f39170244ee4
11-27 22:35:21 com_github_MitjaNemec_ReplicateLayout.replicate_layout 986:Dst text UUid:fa8a0ee9-c37f-48a4-aa0a-16ac3bd3444c
11-27 22:35:21 com_github_MitjaNemec_ReplicateLayout.replicate_layout 985:Src text UUid:b6ed2286-d96e-4d78-96bf-4f0950f31708
11-27 22:35:21 com_github_MitjaNemec_ReplicateLayout.replicate_layout 986:Dst text UUid:3edf0927-4ffb-43be-a7e7-136cbe924224
11-27 22:35:21 com_github_MitjaNemec_ReplicateLayout.replicate_layout 985:Src text UUid:61aa3265-611a-4601-8d57-33cb99cbb9c2
11-27 22:35:21 com_github_MitjaNemec_ReplicateLayout.replicate_layout 986:Dst text UUid:cc89e776-9807-4b94-9024-1ba811bcf704
11-27 22:35:21 root 337:updating GUI with: 54
11-27 22:35:21 com_github_MitjaNemec_ReplicateLayout.replicate_layout 985:Src text UUid:92a1180f-7c3c-40ae-96e6-d89e01292f7f
11-27 22:35:21 com_github_MitjaNemec_ReplicateLayout.replicate_layout 986:Dst text UUid:ca92e055-1382-43bc-9b8b-13099bcb34dc
11-27 22:35:21 com_github_MitjaNemec_ReplicateLayout.replicate_layout 985:Src text UUid:4583aea4-6b5b-445a-af7c-a18e29f5fc73
11-27 22:35:21 com_github_MitjaNemec_ReplicateLayout.replicate_layout 986:Dst text UUid:855a10fa-075e-4d9c-b0a9-1e422aaeb2ba
11-27 22:35:21 com_github_MitjaNemec_ReplicateLayout.replicate_layout 985:Src text UUid:757ad8cf-9edb-44c9-a042-5baff9357b1a
11-27 22:35:21 com_github_MitjaNemec_ReplicateLayout.replicate_layout 986:Dst text UUid:5295f8fd-13a3-4c3d-b074-67d296522ece
11-27 22:35:21 com_github_MitjaNemec_ReplicateLayout.replicate_layout 985:Src text UUid:eb04023a-68c1-40bb-92dd-f5ce131d56e4
11-27 22:35:21 com_github_MitjaNemec_ReplicateLayout.replicate_layout 986:Dst text UUid:ab250305-aa12-43e6-a832-3deea2661cda
11-27 22:35:21 com_github_MitjaNemec_ReplicateLayout.replicate_layout 985:Src text UUid:2ec93d3a-73fb-4806-a044-5aa8816aa60a
11-27 22:35:21 com_github_MitjaNemec_ReplicateLayout.replicate_layout 986:Dst text UUid:d65158b4-3fda-49c7-8b75-f5fe5908c8b9
11-27 22:35:21 com_github_MitjaNemec_ReplicateLayout.replicate_layout 985:Src text UUid:213b2656-afcd-493c-b803-29e5524bfa44
11-27 22:35:21 com_github_MitjaNemec_ReplicateLayout.replicate_layout 986:Dst text UUid:32bb8ce9-aa53-4cc6-802b-4320436f0f27
11-27 22:35:21 com_github_MitjaNemec_ReplicateLayout.replicate_layout 985:Src text UUid:a6b93ec8-d0d1-4456-86cc-0adea2cffc80
11-27 22:35:21 com_github_MitjaNemec_ReplicateLayout.replicate_layout 986:Dst text UUid:3048c132-72c3-4a97-a749-92cb38121561
11-27 22:35:21 com_github_MitjaNemec_ReplicateLayout.replicate_layout 985:Src text UUid:6d984280-b950-4426-b916-d59b2a3ef91e
11-27 22:35:21 com_github_MitjaNemec_ReplicateLayout.replicate_layout 986:Dst text UUid:0174b32e-6f3e-4100-9336-1be1292af900
11-27 22:35:21 com_github_MitjaNemec_ReplicateLayout.replicate_layout 985:Src text UUid:aa5a80ae-a174-496f-a9fc-35b13379a1c2
11-27 22:35:21 com_github_MitjaNemec_ReplicateLayout.replicate_layout 986:Dst text UUid:cfb9fef5-fca5-4615-af18-fc7c658837cc
11-27 22:35:21 com_github_MitjaNemec_ReplicateLayout.replicate_layout 985:Src text UUid:6da10811-ea6a-45fc-8a9a-62b23b080f97
11-27 22:35:21 com_github_MitjaNemec_ReplicateLayout.replicate_layout 986:Dst text UUid:0cd13a3f-bb2f-4bf3-8897-780c10afb6fb
11-27 22:35:21 com_github_MitjaNemec_ReplicateLayout.replicate_layout 985:Src text UUid:b1b62d0d-3c4d-425f-8768-90dca1a40d2f
11-27 22:35:21 com_github_MitjaNemec_ReplicateLayout.replicate_layout 986:Dst text UUid:5efc67ce-a593-4e09-a99f-ec3a1f03739a
11-27 22:35:21 com_github_MitjaNemec_ReplicateLayout.replicate_layout 985:Src text UUid:343d4ad4-a90c-4246-8a41-ac625452572b
11-27 22:35:21 com_github_MitjaNemec_ReplicateLayout.replicate_layout 986:Dst text UUid:08603673-7d28-4bcc-a84c-dd723a82a8d6
11-27 22:35:21 com_github_MitjaNemec_ReplicateLayout.replicate_layout 985:Src text UUid:644469dc-53b4-4296-85c9-3989083cab9e
11-27 22:35:21 com_github_MitjaNemec_ReplicateLayout.replicate_layout 986:Dst text UUid:15cb0961-f36b-4814-b2ed-d4045573efb9
11-27 22:35:21 com_github_MitjaNemec_ReplicateLayout.replicate_layout 985:Src text UUid:933241a3-1c7a-416a-8332-2840756bb724
11-27 22:35:21 com_github_MitjaNemec_ReplicateLayout.replicate_layout 986:Dst text UUid:808cd02e-d060-408c-84e5-c94ff26dcb54
11-27 22:35:21 com_github_MitjaNemec_ReplicateLayout.replicate_layout 985:Src text UUid:9eadc5a4-33be-40bb-96c8-0a11f4a9b0b4
11-27 22:35:21 com_github_MitjaNemec_ReplicateLayout.replicate_layout 986:Dst text UUid:972ef591-6378-4a7b-b1c4-b8985b9a5b6f
11-27 22:35:21 com_github_MitjaNemec_ReplicateLayout.replicate_layout 985:Src text UUid:5cc48ed5-8a2b-4d50-ac75-aee2a7e00e08
11-27 22:35:21 com_github_MitjaNemec_ReplicateLayout.replicate_layout 986:Dst text UUid:856399af-80a7-45c5-99da-6b99cac4e22a
11-27 22:35:21 com_github_MitjaNemec_ReplicateLayout.replicate_layout 985:Src text UUid:3176589b-4480-453b-87af-57a238f84d68
11-27 22:35:21 com_github_MitjaNemec_ReplicateLayout.replicate_layout 986:Dst text UUid:d1126e64-a954-4ee7-8601-6c53df1d2720
11-27 22:35:21 com_github_MitjaNemec_ReplicateLayout.replicate_layout 985:Src text UUid:c7095ee3-e770-4f76-885f-892a85c6c6d7
11-27 22:35:21 com_github_MitjaNemec_ReplicateLayout.replicate_layout 986:Dst text UUid:aedb6424-e3c2-4996-af71-ee7cd1c82305
11-27 22:35:21 com_github_MitjaNemec_ReplicateLayout.replicate_layout 985:Src text UUid:5f07a288-013e-460f-abe4-e721c2a338e9
11-27 22:35:21 com_github_MitjaNemec_ReplicateLayout.replicate_layout 986:Dst text UUid:d303270e-e0ef-4921-a451-400212b4b65c
11-27 22:35:21 com_github_MitjaNemec_ReplicateLayout.replicate_layout 985:Src text UUid:164d5706-3fad-44a8-a3dd-d04f64fd0548
11-27 22:35:21 com_github_MitjaNemec_ReplicateLayout.replicate_layout 986:Dst text UUid:e3ff1a45-7456-48e4-8f06-6c899f35bba0
11-27 22:35:21 com_github_MitjaNemec_ReplicateLayout.replicate_layout 985:Src text UUid:25548056-c1e8-4ff1-990b-e89d800132c0
11-27 22:35:21 com_github_MitjaNemec_ReplicateLayout.replicate_layout 986:Dst text UUid:96a27023-cd63-4997-a4c5-2c8659b27201
11-27 22:35:21 com_github_MitjaNemec_ReplicateLayout.replicate_layout 985:Src text UUid:a778e21c-4587-488b-90f6-6ae2549a8880
11-27 22:35:21 com_github_MitjaNemec_ReplicateLayout.replicate_layout 986:Dst text UUid:3eb29c67-9857-4f8e-8211-58986483339a
11-27 22:35:21 com_github_MitjaNemec_ReplicateLayout.replicate_layout 985:Src text UUid:14871b72-b954-48da-be51-ba599d127aaa
11-27 22:35:21 com_github_MitjaNemec_ReplicateLayout.replicate_layout 986:Dst text UUid:30b424a7-45bf-4605-b62b-afa054e793a5
11-27 22:35:21 com_github_MitjaNemec_ReplicateLayout.replicate_layout 985:Src text UUid:a7930db1-a881-4994-9108-c7435dd716bd
11-27 22:35:21 com_github_MitjaNemec_ReplicateLayout.replicate_layout 986:Dst text UUid:90e36943-ff1c-4d21-9578-52f5ea91c7e9
11-27 22:35:21 com_github_MitjaNemec_ReplicateLayout.replicate_layout 985:Src text UUid:41cd4481-66cc-4ef4-b157-f3b7569f8ff4
11-27 22:35:21 com_github_MitjaNemec_ReplicateLayout.replicate_layout 986:Dst text UUid:5b898ad1-5436-4568-b50b-23ce916fb91a
11-27 22:35:21 com_github_MitjaNemec_ReplicateLayout.replicate_layout 868:Replicating footprints on sheet ['batteries4']
11-27 22:35:21 com_github_MitjaNemec_ReplicateLayout.replicate_layout 985:Src text UUid:d5651245-936a-4b66-8259-e1dca6f55dc5
11-27 22:35:21 com_github_MitjaNemec_ReplicateLayout.replicate_layout 986:Dst text UUid:a8151c11-1dce-4206-b456-8b2def3ea552
11-27 22:35:21 com_github_MitjaNemec_ReplicateLayout.replicate_layout 985:Src text UUid:edc0cd9e-86b2-483e-b96e-47843ae31fee
11-27 22:35:21 com_github_MitjaNemec_ReplicateLayout.replicate_layout 986:Dst text UUid:9de70053-5e2c-48b8-9298-abd5f29c669a
11-27 22:35:21 com_github_MitjaNemec_ReplicateLayout.replicate_layout 985:Src text UUid:dd084b53-993f-42b5-b42e-da9cf9fa6b3a
11-27 22:35:21 com_github_MitjaNemec_ReplicateLayout.replicate_layout 986:Dst text UUid:42d609e1-e17c-42ce-97a8-3f95707e157a
11-27 22:35:21 com_github_MitjaNemec_ReplicateLayout.replicate_layout 985:Src text UUid:17ffd535-851e-4db3-8d99-571fae6b3c4b
11-27 22:35:21 com_github_MitjaNemec_ReplicateLayout.replicate_layout 986:Dst text UUid:69e0d674-e435-4c51-8778-587415dfa060
11-27 22:35:21 com_github_MitjaNemec_ReplicateLayout.replicate_layout 985:Src text UUid:3a756ee8-f1ba-452b-9ebb-1a2180dd27bd
11-27 22:35:21 com_github_MitjaNemec_ReplicateLayout.replicate_layout 986:Dst text UUid:d0d1bd74-6f95-4027-8d3e-32cc1659bdd3
11-27 22:35:21 com_github_MitjaNemec_ReplicateLayout.replicate_layout 985:Src text UUid:29ef4fe5-2786-48ff-8ebe-5248f5acc88d
11-27 22:35:21 com_github_MitjaNemec_ReplicateLayout.replicate_layout 986:Dst text UUid:33f1aa30-81cb-494d-973e-7c9082970ff7
11-27 22:35:21 com_github_MitjaNemec_ReplicateLayout.replicate_layout 985:Src text UUid:d2727d34-4970-4194-94f5-d505b8ee6383
11-27 22:35:21 com_github_MitjaNemec_ReplicateLayout.replicate_layout 986:Dst text UUid:42983bd9-1239-48d5-9ac8-9afc57b58f27
11-27 22:35:21 com_github_MitjaNemec_ReplicateLayout.replicate_layout 985:Src text UUid:2016850c-11e9-4603-b75d-8913ebf5f867
11-27 22:35:21 com_github_MitjaNemec_ReplicateLayout.replicate_layout 986:Dst text UUid:7309d6ec-8df5-4aca-882a-152f514da4cd
11-27 22:35:21 com_github_MitjaNemec_ReplicateLayout.replicate_layout 985:Src text UUid:94ee9bcf-6871-4865-9c6a-4009882611b9
11-27 22:35:21 com_github_MitjaNemec_ReplicateLayout.replicate_layout 986:Dst text UUid:2f3ac95a-7112-4b16-ac88-120bf1efa7cc
11-27 22:35:21 com_github_MitjaNemec_ReplicateLayout.replicate_layout 985:Src text UUid:e0a0c24b-b91e-4286-ac58-df094dc4f61d
11-27 22:35:21 com_github_MitjaNemec_ReplicateLayout.replicate_layout 986:Dst text UUid:675b49a7-8f3b-4a02-a98d-b5d258e5be12
11-27 22:35:21 com_github_MitjaNemec_ReplicateLayout.replicate_layout 985:Src text UUid:6d9e27e7-7e0b-46cf-8877-ada67c814ea0
11-27 22:35:21 com_github_MitjaNemec_ReplicateLayout.replicate_layout 986:Dst text UUid:517d0c7b-9ba8-4c72-aae4-f9ded7c4b983
11-27 22:35:21 com_github_MitjaNemec_ReplicateLayout.replicate_layout 985:Src text UUid:23a423fe-8961-426f-b950-6d013fb7c018
11-27 22:35:21 com_github_MitjaNemec_ReplicateLayout.replicate_layout 986:Dst text UUid:84c5e54d-aac4-41a8-abf7-2f888c440add
11-27 22:35:21 com_github_MitjaNemec_ReplicateLayout.replicate_layout 985:Src text UUid:68369356-9250-40ea-a9fd-542e01dc0d7d
11-27 22:35:21 com_github_MitjaNemec_ReplicateLayout.replicate_layout 986:Dst text UUid:5e8093dd-2efc-48ad-86d8-8cfce6b5850c
11-27 22:35:21 com_github_MitjaNemec_ReplicateLayout.replicate_layout 985:Src text UUid:56f79e30-4e54-408f-ad43-662b006bf88e
11-27 22:35:21 com_github_MitjaNemec_ReplicateLayout.replicate_layout 986:Dst text UUid:3a7be738-0b3c-4e6d-9e2e-46e55738a862
11-27 22:35:21 com_github_MitjaNemec_ReplicateLayout.replicate_layout 985:Src text UUid:963adbcc-235b-425a-82af-eb6047ecc6d1
11-27 22:35:21 com_github_MitjaNemec_ReplicateLayout.replicate_layout 986:Dst text UUid:074c80ea-bf06-44cf-ac90-a5e755278654
11-27 22:35:21 com_github_MitjaNemec_ReplicateLayout.replicate_layout 985:Src text UUid:7a9762a4-28f1-4996-8441-8fdb4852cce0
11-27 22:35:21 com_github_MitjaNemec_ReplicateLayout.replicate_layout 986:Dst text UUid:bcc46f4d-cfe3-4e2a-a3b2-193ad7a2dd10
11-27 22:35:21 com_github_MitjaNemec_ReplicateLayout.replicate_layout 985:Src text UUid:86d588e5-3b5c-41e8-99b1-4f1f90befe53
11-27 22:35:21 com_github_MitjaNemec_ReplicateLayout.replicate_layout 986:Dst text UUid:41b11f96-eb3c-433f-82c5-da36c0fefb0d
11-27 22:35:21 com_github_MitjaNemec_ReplicateLayout.replicate_layout 985:Src text UUid:4161d3bb-4ac3-4fc1-bb59-a618da3495c1
11-27 22:35:21 com_github_MitjaNemec_ReplicateLayout.replicate_layout 986:Dst text UUid:24758b88-0a67-4aac-86ec-02ee4d981dc5
11-27 22:35:21 com_github_MitjaNemec_ReplicateLayout.replicate_layout 985:Src text UUid:6c7bc4f1-3f7c-40f3-a41b-42f9baf3da61
11-27 22:35:21 com_github_MitjaNemec_ReplicateLayout.replicate_layout 986:Dst text UUid:9d6ae67c-4fac-4001-ada9-842a4acbe694
11-27 22:35:21 com_github_MitjaNemec_ReplicateLayout.replicate_layout 985:Src text UUid:9dacd3bf-557f-4a1a-838a-3b67862ebbf8
11-27 22:35:21 com_github_MitjaNemec_ReplicateLayout.replicate_layout 986:Dst text UUid:ca7a4d78-203f-44a9-94b1-ef0502fa2dcd
11-27 22:35:21 com_github_MitjaNemec_ReplicateLayout.replicate_layout 985:Src text UUid:3c5c6d19-2dcb-41e1-b0af-5356485d3802
11-27 22:35:21 com_github_MitjaNemec_ReplicateLayout.replicate_layout 986:Dst text UUid:70f00496-87ff-4c9e-b665-313663379f08
11-27 22:35:21 com_github_MitjaNemec_ReplicateLayout.replicate_layout 985:Src text UUid:2484a65d-8721-4f42-bcb0-e542d040287a
11-27 22:35:21 com_github_MitjaNemec_ReplicateLayout.replicate_layout 986:Dst text UUid:2afce2d6-6e5a-4377-b6eb-6a75a4a91dae
11-27 22:35:21 com_github_MitjaNemec_ReplicateLayout.replicate_layout 985:Src text UUid:46c9ef8a-f0e9-4bd5-88f7-e659ff52c297
11-27 22:35:21 com_github_MitjaNemec_ReplicateLayout.replicate_layout 986:Dst text UUid:9099989b-a2de-4c5a-aa6d-9443b82b261d
11-27 22:35:21 com_github_MitjaNemec_ReplicateLayout.replicate_layout 985:Src text UUid:2d113ec3-19c6-411d-8c1e-166f92d5ec85
11-27 22:35:21 com_github_MitjaNemec_ReplicateLayout.replicate_layout 986:Dst text UUid:ffdfbe16-8ba3-47dd-97ab-f4ccfa91816e
11-27 22:35:21 com_github_MitjaNemec_ReplicateLayout.replicate_layout 985:Src text UUid:eb982748-f4d1-427e-b2fe-10913fae6cb4
11-27 22:35:21 com_github_MitjaNemec_ReplicateLayout.replicate_layout 986:Dst text UUid:510f6d51-1e70-4066-a5b9-c4ac4945e397
11-27 22:35:21 com_github_MitjaNemec_ReplicateLayout.replicate_layout 985:Src text UUid:c47afb78-d734-4d1a-a976-9fb1ca8f957d
11-27 22:35:21 com_github_MitjaNemec_ReplicateLayout.replicate_layout 986:Dst text UUid:5f4318dc-6080-406f-8a42-997fedcc22e3
11-27 22:35:21 com_github_MitjaNemec_ReplicateLayout.replicate_layout 985:Src text UUid:71062c81-da9b-438a-b28b-97ec171c9ed6
11-27 22:35:21 com_github_MitjaNemec_ReplicateLayout.replicate_layout 986:Dst text UUid:2c736149-4b5f-44bd-9bbd-2c9f6e88cda0
11-27 22:35:21 com_github_MitjaNemec_ReplicateLayout.replicate_layout 985:Src text UUid:cfc1be33-19e5-4c18-9223-8a6fe94bb131
11-27 22:35:21 com_github_MitjaNemec_ReplicateLayout.replicate_layout 986:Dst text UUid:57df1400-9c65-4e23-ae1d-b4a71064071a
11-27 22:35:21 com_github_MitjaNemec_ReplicateLayout.replicate_layout 985:Src text UUid:96823d8c-9609-4bc7-8452-038d4039483a
11-27 22:35:21 com_github_MitjaNemec_ReplicateLayout.replicate_layout 986:Dst text UUid:8489880c-dfc0-47d2-88c5-51722a9281e7
11-27 22:35:21 com_github_MitjaNemec_ReplicateLayout.replicate_layout 985:Src text UUid:81be5b61-62eb-4378-8eda-17726c99cb37
11-27 22:35:21 com_github_MitjaNemec_ReplicateLayout.replicate_layout 986:Dst text UUid:6fe5e44e-9bd7-4f91-adc2-9baac9a93657
11-27 22:35:21 com_github_MitjaNemec_ReplicateLayout.replicate_layout 985:Src text UUid:18e4104c-eb48-40d2-b45e-5c2f43f10de2
11-27 22:35:21 com_github_MitjaNemec_ReplicateLayout.replicate_layout 986:Dst text UUid:6a6e3358-8163-4c5c-8b5e-682e48d48a74
11-27 22:35:21 com_github_MitjaNemec_ReplicateLayout.replicate_layout 985:Src text UUid:c939d5d3-b256-4246-8420-89b3c55ffd06
11-27 22:35:21 com_github_MitjaNemec_ReplicateLayout.replicate_layout 986:Dst text UUid:d1777ddf-37a9-4162-9232-c4ac5fdc070b
11-27 22:35:21 com_github_MitjaNemec_ReplicateLayout.replicate_layout 985:Src text UUid:2783c02a-2ce5-485a-b978-43affbd35724
11-27 22:35:21 com_github_MitjaNemec_ReplicateLayout.replicate_layout 986:Dst text UUid:39e71b9e-1115-4dff-a35e-5320a2d4e08c
11-27 22:35:21 com_github_MitjaNemec_ReplicateLayout.replicate_layout 985:Src text UUid:5b2accbb-36f3-40f9-802f-f39170244ee4
11-27 22:35:21 com_github_MitjaNemec_ReplicateLayout.replicate_layout 986:Dst text UUid:be04e534-7065-4248-8fb6-6ca236112a42
11-27 22:35:21 com_github_MitjaNemec_ReplicateLayout.replicate_layout 985:Src text UUid:b6ed2286-d96e-4d78-96bf-4f0950f31708
11-27 22:35:21 com_github_MitjaNemec_ReplicateLayout.replicate_layout 986:Dst text UUid:2d1d98b4-87c7-45b8-9a27-99d53c20fdae
11-27 22:35:21 com_github_MitjaNemec_ReplicateLayout.replicate_layout 985:Src text UUid:61aa3265-611a-4601-8d57-33cb99cbb9c2
11-27 22:35:21 com_github_MitjaNemec_ReplicateLayout.replicate_layout 986:Dst text UUid:8b452fdc-5f5c-4758-995e-736d720065a7
11-27 22:35:21 com_github_MitjaNemec_ReplicateLayout.replicate_layout 985:Src text UUid:92a1180f-7c3c-40ae-96e6-d89e01292f7f
11-27 22:35:21 com_github_MitjaNemec_ReplicateLayout.replicate_layout 986:Dst text UUid:bfc0096a-a4ee-4f61-bd63-d5aa0a1021e6
11-27 22:35:21 com_github_MitjaNemec_ReplicateLayout.replicate_layout 985:Src text UUid:4583aea4-6b5b-445a-af7c-a18e29f5fc73
11-27 22:35:21 com_github_MitjaNemec_ReplicateLayout.replicate_layout 986:Dst text UUid:1ed23660-0c2b-46f0-93c8-40d403f67636
11-27 22:35:21 com_github_MitjaNemec_ReplicateLayout.replicate_layout 985:Src text UUid:757ad8cf-9edb-44c9-a042-5baff9357b1a
11-27 22:35:21 com_github_MitjaNemec_ReplicateLayout.replicate_layout 986:Dst text UUid:34830df0-163f-4445-be62-340dd9e3e3d8
11-27 22:35:21 com_github_MitjaNemec_ReplicateLayout.replicate_layout 985:Src text UUid:eb04023a-68c1-40bb-92dd-f5ce131d56e4
11-27 22:35:21 com_github_MitjaNemec_ReplicateLayout.replicate_layout 986:Dst text UUid:4aed1f8a-6f20-4e8e-af93-2e9aa3b60afb
11-27 22:35:21 com_github_MitjaNemec_ReplicateLayout.replicate_layout 985:Src text UUid:2ec93d3a-73fb-4806-a044-5aa8816aa60a
11-27 22:35:21 com_github_MitjaNemec_ReplicateLayout.replicate_layout 986:Dst text UUid:3dedd9da-eabd-4180-8bb4-a25044f13336
11-27 22:35:21 com_github_MitjaNemec_ReplicateLayout.replicate_layout 985:Src text UUid:213b2656-afcd-493c-b803-29e5524bfa44
11-27 22:35:21 com_github_MitjaNemec_ReplicateLayout.replicate_layout 986:Dst text UUid:5ecd9398-7b7a-4a76-8c75-5c55fe48ad20
11-27 22:35:21 com_github_MitjaNemec_ReplicateLayout.replicate_layout 985:Src text UUid:a6b93ec8-d0d1-4456-86cc-0adea2cffc80
11-27 22:35:21 com_github_MitjaNemec_ReplicateLayout.replicate_layout 986:Dst text UUid:771f1ad0-209b-467d-86c3-712d70a24f1d
11-27 22:35:21 com_github_MitjaNemec_ReplicateLayout.replicate_layout 985:Src text UUid:6d984280-b950-4426-b916-d59b2a3ef91e
11-27 22:35:21 com_github_MitjaNemec_ReplicateLayout.replicate_layout 986:Dst text UUid:cf5b0421-955e-4b70-9158-e135d4ee05d6
11-27 22:35:21 com_github_MitjaNemec_ReplicateLayout.replicate_layout 985:Src text UUid:aa5a80ae-a174-496f-a9fc-35b13379a1c2
11-27 22:35:21 com_github_MitjaNemec_ReplicateLayout.replicate_layout 986:Dst text UUid:457f68a1-31b8-49f8-b295-9fdac3c599ed
11-27 22:35:21 com_github_MitjaNemec_ReplicateLayout.replicate_layout 985:Src text UUid:6da10811-ea6a-45fc-8a9a-62b23b080f97
11-27 22:35:21 com_github_MitjaNemec_ReplicateLayout.replicate_layout 986:Dst text UUid:4c1f0502-b35d-46fc-a9c8-3afb37b32c94
11-27 22:35:21 com_github_MitjaNemec_ReplicateLayout.replicate_layout 985:Src text UUid:b1b62d0d-3c4d-425f-8768-90dca1a40d2f
11-27 22:35:21 com_github_MitjaNemec_ReplicateLayout.replicate_layout 986:Dst text UUid:f051f221-2f68-492f-b1fb-ad42cf7eb0e3
11-27 22:35:21 com_github_MitjaNemec_ReplicateLayout.replicate_layout 985:Src text UUid:343d4ad4-a90c-4246-8a41-ac625452572b
11-27 22:35:21 com_github_MitjaNemec_ReplicateLayout.replicate_layout 986:Dst text UUid:37ecd6b0-4a55-4539-86ab-d794bbad6f8c
11-27 22:35:21 com_github_MitjaNemec_ReplicateLayout.replicate_layout 985:Src text UUid:644469dc-53b4-4296-85c9-3989083cab9e
11-27 22:35:21 com_github_MitjaNemec_ReplicateLayout.replicate_layout 986:Dst text UUid:c8e32d85-5887-4f64-8787-21049f69a07c
11-27 22:35:21 com_github_MitjaNemec_ReplicateLayout.replicate_layout 985:Src text UUid:933241a3-1c7a-416a-8332-2840756bb724
11-27 22:35:21 com_github_MitjaNemec_ReplicateLayout.replicate_layout 986:Dst text UUid:6898b058-a38e-48db-bf80-ded5163ef040
11-27 22:35:21 com_github_MitjaNemec_ReplicateLayout.replicate_layout 985:Src text UUid:9eadc5a4-33be-40bb-96c8-0a11f4a9b0b4
11-27 22:35:21 com_github_MitjaNemec_ReplicateLayout.replicate_layout 986:Dst text UUid:72e7f50a-7514-4766-85d8-a3fae0acc059
11-27 22:35:21 com_github_MitjaNemec_ReplicateLayout.replicate_layout 985:Src text UUid:5cc48ed5-8a2b-4d50-ac75-aee2a7e00e08
11-27 22:35:21 com_github_MitjaNemec_ReplicateLayout.replicate_layout 986:Dst text UUid:89aa9627-6ee9-49ba-9b8d-59042a82b5f2
11-27 22:35:21 com_github_MitjaNemec_ReplicateLayout.replicate_layout 985:Src text UUid:3176589b-4480-453b-87af-57a238f84d68
11-27 22:35:21 com_github_MitjaNemec_ReplicateLayout.replicate_layout 986:Dst text UUid:8061c6bd-c685-40e4-bdda-9245ab64eb9c
11-27 22:35:21 com_github_MitjaNemec_ReplicateLayout.replicate_layout 985:Src text UUid:c7095ee3-e770-4f76-885f-892a85c6c6d7
11-27 22:35:21 com_github_MitjaNemec_ReplicateLayout.replicate_layout 986:Dst text UUid:578f542b-094a-4453-be41-73e15995eafb
11-27 22:35:21 com_github_MitjaNemec_ReplicateLayout.replicate_layout 985:Src text UUid:5f07a288-013e-460f-abe4-e721c2a338e9
11-27 22:35:21 com_github_MitjaNemec_ReplicateLayout.replicate_layout 986:Dst text UUid:7ee096db-6e82-46e4-a798-567f3b773969
11-27 22:35:21 com_github_MitjaNemec_ReplicateLayout.replicate_layout 985:Src text UUid:164d5706-3fad-44a8-a3dd-d04f64fd0548
11-27 22:35:21 com_github_MitjaNemec_ReplicateLayout.replicate_layout 986:Dst text UUid:6af84fee-a88d-4093-8303-62028fb822e9
11-27 22:35:21 com_github_MitjaNemec_ReplicateLayout.replicate_layout 985:Src text UUid:25548056-c1e8-4ff1-990b-e89d800132c0
11-27 22:35:21 com_github_MitjaNemec_ReplicateLayout.replicate_layout 986:Dst text UUid:51ce86f6-54cd-4a71-a503-14c820b3bbb5
11-27 22:35:21 com_github_MitjaNemec_ReplicateLayout.replicate_layout 985:Src text UUid:a778e21c-4587-488b-90f6-6ae2549a8880
11-27 22:35:21 com_github_MitjaNemec_ReplicateLayout.replicate_layout 986:Dst text UUid:0c791934-c514-45c9-b492-0250cdf0a55a
11-27 22:35:21 com_github_MitjaNemec_ReplicateLayout.replicate_layout 985:Src text UUid:14871b72-b954-48da-be51-ba599d127aaa
11-27 22:35:21 com_github_MitjaNemec_ReplicateLayout.replicate_layout 986:Dst text UUid:9254b9e4-e025-46ca-8987-b5f57b0ec87e
11-27 22:35:21 com_github_MitjaNemec_ReplicateLayout.replicate_layout 985:Src text UUid:a7930db1-a881-4994-9108-c7435dd716bd
11-27 22:35:21 com_github_MitjaNemec_ReplicateLayout.replicate_layout 986:Dst text UUid:707e4fa0-ec86-43df-8fe3-c187d32714e6
11-27 22:35:21 com_github_MitjaNemec_ReplicateLayout.replicate_layout 985:Src text UUid:41cd4481-66cc-4ef4-b157-f3b7569f8ff4
11-27 22:35:21 com_github_MitjaNemec_ReplicateLayout.replicate_layout 986:Dst text UUid:948807e9-e1cf-4b8e-a433-f12b0cdceb79
11-27 22:35:21 root 332:updating GUI message: 'Replicating tracks'
11-27 22:35:21 com_github_MitjaNemec_ReplicateLayout.replicate_layout 1009:Replicating tracks
11-27 22:35:21 root 337:updating GUI with: 0
11-27 22:35:21 com_github_MitjaNemec_ReplicateLayout.replicate_layout 1015:Replicating tracks on sheet ['batteries2']
11-27 22:35:21 com_github_MitjaNemec_ReplicateLayout.replicate_layout 792:Net pairs for sheet ['batteries2'] :[('/batteries1/+BAT_IN', '/batteries2/+BAT_IN'), ('Net-(U1-Vin-)', 'Net-(U2-Vin-)'), ('/batteries1/-BATT OUT', '/batteries1/-BATT OUT'), ('+3.3V', '+3.3V'), ('/batteries1/GATE', '/batteries2/GATE'), ('/MANUAL_SW', '/MANUAL_SW'), ('/SCL', '/SCL'), ('/batteries1/IAN_A1', '/batteries2/IAN_A1'), ('Net-(R1-Pad4)', 'Net-(R11-Pad2)'), ('Net-(D2-K)', 'Net-(D6-K)'), ('/ALERT_1', '/ALERT_2'), ('/batteries1/IAN_A0', '/batteries2/IAN_A0'), ('/GND_BATT', '/batteries2/GND_BAT'), ('GND', 'GND'), ('Net-(D4-A)', 'Net-(D8-A)'), ('', ''), ('/BATT_SW1', '/BATT_SW2'), ('/SDA', '/SDA'), ('Net-(U1-Vin+)', 'Net-(U2-Vin+)'), ('+BATT', '+BATT'), ('Net-(R1-Pad3)', 'Net-(R10-Pad1)')]
11-27 22:35:21 com_github_MitjaNemec_ReplicateLayout.replicate_layout 1015:Replicating tracks on sheet ['batteries3']
11-27 22:35:21 com_github_MitjaNemec_ReplicateLayout.replicate_layout 792:Net pairs for sheet ['batteries3'] :[('Net-(D4-A)', 'Net-(D12-A)'), ('/batteries1/+BAT_IN', '/batteries3/+BAT_IN'), ('/batteries1/-BATT OUT', '/batteries1/-BATT OUT'), ('/batteries1/IAN_A0', '/batteries3/IAN_A0'), ('+3.3V', '+3.3V'), ('/MANUAL_SW', '/MANUAL_SW'), ('/GND_BATT', '/batteries3/GND_BAT'), ('Net-(R1-Pad3)', 'Net-(R17-Pad1)'), ('/SCL', '/SCL'), ('/batteries1/IAN_A1', '/batteries3/IAN_A1'), ('/BATT_SW1', '/BATT_SW3'), ('/batteries1/GATE', '/batteries3/GATE'), ('GND', 'GND'), ('Net-(R1-Pad4)', 'Net-(R18-Pad2)'), ('', ''), ('Net-(U1-Vin+)', 'Net-(U3-Vin+)'), ('/SDA', '/SDA'), ('/ALERT_1', '/ALERT_3'), ('Net-(U1-Vin-)', 'Net-(U3-Vin-)'), ('+BATT', '+BATT'), ('Net-(D2-K)', 'Net-(D10-K)')]
11-27 22:35:21 com_github_MitjaNemec_ReplicateLayout.replicate_layout 1015:Replicating tracks on sheet ['batteries4']
11-27 22:35:21 com_github_MitjaNemec_ReplicateLayout.replicate_layout 792:Net pairs for sheet ['batteries4'] :[('/GND_BATT', '/batteries4/GND_BAT'), ('Net-(U1-Vin-)', 'Net-(U7-Vin-)'), ('/batteries1/-BATT OUT', '/batteries1/-BATT OUT'), ('Net-(D4-A)', 'Net-(D16-A)'), ('+3.3V', '+3.3V'), ('/MANUAL_SW', '/MANUAL_SW'), ('/batteries1/IAN_A0', '/batteries4/IAN_A0'), ('/batteries1/GATE', '/batteries4/GATE'), ('/SCL', '/SCL'), ('/BATT_SW1', '/BATT_SW4'), ('Net-(U1-Vin+)', 'Net-(U7-Vin+)'), ('/batteries1/+BAT_IN', '/batteries4/+BAT_IN'), ('GND', 'GND'), ('/batteries1/IAN_A1', '/batteries4/IAN_A1'), ('', ''), ('Net-(D2-K)', 'Net-(D14-K)'), ('Net-(R1-Pad4)', 'Net-(R38-Pad2)'), ('Net-(R1-Pad3)', 'Net-(R37-Pad1)'), ('/ALERT_1', '/ALERT_4'), ('/SDA', '/SDA'), ('+BATT', '+BATT')]
11-27 22:35:21 root 337:updating GUI with: 81
11-27 22:35:21 root 332:updating GUI message: 'Replicating zones'
11-27 22:35:21 com_github_MitjaNemec_ReplicateLayout.replicate_layout 1079:Replicating zones
11-27 22:35:21 root 337:updating GUI with: 0
11-27 22:35:21 com_github_MitjaNemec_ReplicateLayout.replicate_layout 1086:Replicating zones on sheet ['batteries2']
11-27 22:35:21 com_github_MitjaNemec_ReplicateLayout.replicate_layout 792:Net pairs for sheet ['batteries2'] :[('/batteries1/+BAT_IN', '/batteries2/+BAT_IN'), ('Net-(U1-Vin-)', 'Net-(U2-Vin-)'), ('/batteries1/-BATT OUT', '/batteries1/-BATT OUT'), ('+3.3V', '+3.3V'), ('/batteries1/GATE', '/batteries2/GATE'), ('/MANUAL_SW', '/MANUAL_SW'), ('/SCL', '/SCL'), ('/batteries1/IAN_A1', '/batteries2/IAN_A1'), ('Net-(R1-Pad4)', 'Net-(R11-Pad2)'), ('Net-(D2-K)', 'Net-(D6-K)'), ('/ALERT_1', '/ALERT_2'), ('/batteries1/IAN_A0', '/batteries2/IAN_A0'), ('/GND_BATT', '/batteries2/GND_BAT'), ('GND', 'GND'), ('Net-(D4-A)', 'Net-(D8-A)'), ('', ''), ('/BATT_SW1', '/BATT_SW2'), ('/SDA', '/SDA'), ('Net-(U1-Vin+)', 'Net-(U2-Vin+)'), ('+BATT', '+BATT'), ('Net-(R1-Pad3)', 'Net-(R10-Pad1)')]
11-27 22:35:21 com_github_MitjaNemec_ReplicateLayout.replicate_layout 1086:Replicating zones on sheet ['batteries3']
11-27 22:35:21 com_github_MitjaNemec_ReplicateLayout.replicate_layout 792:Net pairs for sheet ['batteries3'] :[('Net-(D4-A)', 'Net-(D12-A)'), ('/batteries1/+BAT_IN', '/batteries3/+BAT_IN'), ('/batteries1/-BATT OUT', '/batteries1/-BATT OUT'), ('/batteries1/IAN_A0', '/batteries3/IAN_A0'), ('+3.3V', '+3.3V'), ('/MANUAL_SW', '/MANUAL_SW'), ('/GND_BATT', '/batteries3/GND_BAT'), ('Net-(R1-Pad3)', 'Net-(R17-Pad1)'), ('/SCL', '/SCL'), ('/batteries1/IAN_A1', '/batteries3/IAN_A1'), ('/BATT_SW1', '/BATT_SW3'), ('/batteries1/GATE', '/batteries3/GATE'), ('GND', 'GND'), ('Net-(R1-Pad4)', 'Net-(R18-Pad2)'), ('', ''), ('Net-(U1-Vin+)', 'Net-(U3-Vin+)'), ('/SDA', '/SDA'), ('/ALERT_1', '/ALERT_3'), ('Net-(U1-Vin-)', 'Net-(U3-Vin-)'), ('+BATT', '+BATT'), ('Net-(D2-K)', 'Net-(D10-K)')]
11-27 22:35:21 com_github_MitjaNemec_ReplicateLayout.replicate_layout 1086:Replicating zones on sheet ['batteries4']
11-27 22:35:21 com_github_MitjaNemec_ReplicateLayout.replicate_layout 792:Net pairs for sheet ['batteries4'] :[('/GND_BATT', '/batteries4/GND_BAT'), ('Net-(U1-Vin-)', 'Net-(U7-Vin-)'), ('/batteries1/-BATT OUT', '/batteries1/-BATT OUT'), ('Net-(D4-A)', 'Net-(D16-A)'), ('+3.3V', '+3.3V'), ('/MANUAL_SW', '/MANUAL_SW'), ('/batteries1/IAN_A0', '/batteries4/IAN_A0'), ('/batteries1/GATE', '/batteries4/GATE'), ('/SCL', '/SCL'), ('/BATT_SW1', '/BATT_SW4'), ('Net-(U1-Vin+)', 'Net-(U7-Vin+)'), ('/batteries1/+BAT_IN', '/batteries4/+BAT_IN'), ('GND', 'GND'), ('/batteries1/IAN_A1', '/batteries4/IAN_A1'), ('', ''), ('Net-(D2-K)', 'Net-(D14-K)'), ('Net-(R1-Pad4)', 'Net-(R38-Pad2)'), ('Net-(R1-Pad3)', 'Net-(R37-Pad1)'), ('/ALERT_1', '/ALERT_4'), ('/SDA', '/SDA'), ('+BATT', '+BATT')]
11-27 22:35:21 root 332:updating GUI message: 'Replicating text'
11-27 22:35:21 com_github_MitjaNemec_ReplicateLayout.replicate_layout 1168:Replicating text
11-27 22:35:21 root 337:updating GUI with: 0
11-27 22:35:21 com_github_MitjaNemec_ReplicateLayout.replicate_layout 1175:Replicating text on sheet ['batteries2']
11-27 22:35:21 com_github_MitjaNemec_ReplicateLayout.replicate_layout 1175:Replicating text on sheet ['batteries3']
11-27 22:35:21 com_github_MitjaNemec_ReplicateLayout.replicate_layout 1175:Replicating text on sheet ['batteries4']
11-27 22:35:21 root 332:updating GUI message: 'Replicating drawings'
11-27 22:35:21 com_github_MitjaNemec_ReplicateLayout.replicate_layout 1219:Replicating drawings
11-27 22:35:21 com_github_MitjaNemec_ReplicateLayout.replicate_layout 1225:Replicating drawings on sheet ['batteries2']
11-27 22:35:21 com_github_MitjaNemec_ReplicateLayout.replicate_layout 1225:Replicating drawings on sheet ['batteries3']
11-27 22:35:21 com_github_MitjaNemec_ReplicateLayout.replicate_layout 1225:Replicating drawings on sheet ['batteries4']
11-27 22:35:23 com_github_MitjaNemec_ReplicateLayout.action_replicate_layout 256:Replication complete
