** Drc report for BMU v1.kicad_pcb **
** Created on 2024-11-12T11:42:06+0100 **

** Found 5 DRC violations **
[starved_thermal]: Connexion de frein thermique à la zone incomplète (couche F.Cu ; zone nbre min de rayons 2 ; réel 1)
    Local override; error
    @(12.4600 mm, 25.0000 mm): Zone [GND1] sur F.Cu, In1.Cu et 2 en plus
    @(21.2760 mm, 35.4180 mm): Pad métallisé 2 [GND1] de J1
[starved_thermal]: Connexion de frein thermique à la zone incomplète (couche F.Cu ; 1 rayons connectés à des ilots isolés)
    Local override; error
    @(12.4600 mm, 25.0000 mm): Zone [GND1] sur F.Cu, In1.Cu et 2 en plus
    @(20.2560 mm, 33.6380 mm): Pad métallisé 1 [GND1] de J1
[starved_thermal]: Connexion de frein thermique à la zone incomplète (couche F.Cu ; zone nbre min de rayons 2 ; réel 1)
    Local override; error
    @(12.4600 mm, 25.0000 mm): Zone [GND1] sur F.Cu, In1.Cu et 2 en plus
    @(40.6470 mm, 35.4180 mm): Pad métallisé 2 [GND1] de J2
[starved_thermal]: Connexion de frein thermique à la zone incomplète (couche F.Cu ; 1 rayons connectés à des ilots isolés)
    Local override; error
    @(12.4600 mm, 25.0000 mm): Zone [GND1] sur F.Cu, In1.Cu et 2 en plus
    @(36.3370 mm, 40.1980 mm): Pad métallisé 9 [GND1] de J2
[starved_thermal]: Connexion de frein thermique à la zone incomplète (couche B.Cu ; zone nbre min de rayons 2 ; réel 1)
    Local override; error
    @(12.4600 mm, 25.0000 mm): Zone [GND1] sur F.Cu, In1.Cu et 2 en plus
    @(40.6470 mm, 35.4180 mm): Pad métallisé 2 [GND1] de J2

** Found 8 unconnected pads **
[unconnected_items]: Connexion manquante entre les éléments
    Local override; error
    @(195.6568 mm, 49.4792 mm): Zone [GND] sur F.Cu, In1.Cu et 2 en plus
    @(195.6568 mm, 49.4792 mm): Zone [GND] sur F.Cu, In1.Cu et 2 en plus
[unconnected_items]: Connexion manquante entre les éléments
    Local override; error
    @(156.6568 mm, 71.9792 mm): Zone [GND] sur F.Cu, In1.Cu et 2 en plus
    @(156.6568 mm, 71.9792 mm): Zone [GND] sur F.Cu, In1.Cu et 2 en plus
[unconnected_items]: Connexion manquante entre les éléments
    Local override; error
    @(117.6568 mm, 71.9792 mm): Zone [GND] sur F.Cu, In1.Cu et 2 en plus
    @(117.6568 mm, 71.9792 mm): Zone [GND] sur F.Cu, In1.Cu et 2 en plus
[unconnected_items]: Connexion manquante entre les éléments
    Local override; error
    @(195.6568 mm, 49.4792 mm): Zone [GND] sur F.Cu, In1.Cu et 2 en plus
    @(195.6568 mm, 49.4792 mm): Zone [GND] sur F.Cu, In1.Cu et 2 en plus
[unconnected_items]: Connexion manquante entre les éléments
    Local override; error
    @(117.6568 mm, 71.9792 mm): Zone [GND] sur F.Cu, In1.Cu et 2 en plus
    @(117.6568 mm, 71.9792 mm): Zone [GND] sur F.Cu, In1.Cu et 2 en plus
[unconnected_items]: Connexion manquante entre les éléments
    Local override; error
    @(156.6568 mm, 71.9792 mm): Zone [GND] sur F.Cu, In1.Cu et 2 en plus
    @(156.6568 mm, 71.9792 mm): Zone [GND] sur F.Cu, In1.Cu et 2 en plus
[unconnected_items]: Connexion manquante entre les éléments
    Local override; error
    @(195.6568 mm, 49.4792 mm): Zone [GND] sur F.Cu, In1.Cu et 2 en plus
    @(195.6568 mm, 49.4792 mm): Zone [GND] sur F.Cu, In1.Cu et 2 en plus
[unconnected_items]: Connexion manquante entre les éléments
    Local override; error
    @(82.2960 mm, 112.4778 mm): Pad 2 [/MANUAL_SW] de D3 sur F.Cu
    @(123.1580 mm, 112.7318 mm): Piste [/MANUAL_SW] sur F.Cu, long. 3.3121 mm

** Found 31 Footprint errors **
[footprint_symbol_mismatch]: l'empreinte J3 (Connector_PinHeader_2.54mm:PinHeader_1x02_P2.54mm_Vertical) ne correspond pas à celle donnée par le symbole (Connector_PinHeader_1.00mm:PinHeader_1x02_P1.00mm_Vertical).
    Local override; warning
    @(202.5000 mm, 43.5000 mm): Empreinte J3
[net_conflict]: Aucune pin correspondante trouvée dans le schéma.
    Local override; warning
    @(26.1000 mm, 67.5000 mm): Pad métallisé 2 [+BATT] de J11
[net_conflict]: Aucune pin correspondante trouvée dans le schéma.
    Local override; warning
    @(31.8000 mm, 67.5000 mm): Pad métallisé 3 [+BATT] de J11
[net_conflict]: Aucune pin correspondante trouvée dans le schéma.
    Local override; warning
    @(37.4000 mm, 67.5000 mm): Pad métallisé 4 [+BATT] de J11
[net_conflict]: Aucune pin correspondante trouvée dans le schéma.
    Local override; warning
    @(37.4000 mm, 81.5000 mm): Pad métallisé 4 [+BATT] de J11
[net_conflict]: Aucune pin correspondante trouvée dans le schéma.
    Local override; warning
    @(31.8000 mm, 81.5000 mm): Pad métallisé 3 [+BATT] de J11
[net_conflict]: Aucune pin correspondante trouvée dans le schéma.
    Local override; warning
    @(26.1000 mm, 81.5000 mm): Pad métallisé 2 [+BATT] de J11
[net_conflict]: Aucune pin correspondante trouvée dans le schéma.
    Local override; warning
    @(26.2920 mm, 106.6800 mm): Pad métallisé 2 [/batteries1/-BATT OUT] de J12
[net_conflict]: Aucune pin correspondante trouvée dans le schéma.
    Local override; warning
    @(31.9920 mm, 106.6800 mm): Pad métallisé 3 [/batteries1/-BATT OUT] de J12
[net_conflict]: Aucune pin correspondante trouvée dans le schéma.
    Local override; warning
    @(37.5920 mm, 106.6800 mm): Pad métallisé 4 [/batteries1/-BATT OUT] de J12
[net_conflict]: Aucune pin correspondante trouvée dans le schéma.
    Local override; warning
    @(37.5920 mm, 120.6800 mm): Pad métallisé 4 [/batteries1/-BATT OUT] de J12
[net_conflict]: Aucune pin correspondante trouvée dans le schéma.
    Local override; warning
    @(31.9920 mm, 120.6800 mm): Pad métallisé 3 [/batteries1/-BATT OUT] de J12
[net_conflict]: Aucune pin correspondante trouvée dans le schéma.
    Local override; warning
    @(26.2920 mm, 120.6800 mm): Pad métallisé 2 [/batteries1/-BATT OUT] de J12
[missing_footprint]: Empreinte manquante TP1 (TestPoint)
    Local override; warning
[missing_footprint]: Empreinte manquante TP2 (TestPoint)
    Local override; warning
[missing_footprint]: Empreinte manquante TP3 (TestPoint)
    Local override; warning
[missing_footprint]: Empreinte manquante TP4 (TestPoint)
    Local override; warning
[missing_footprint]: Empreinte manquante TP5 (TestPoint)
    Local override; warning
[missing_footprint]: Empreinte manquante TP6 (TestPoint)
    Local override; warning
[missing_footprint]: Empreinte manquante TP7 (TestPoint)
    Local override; warning
[missing_footprint]: Empreinte manquante TP8 (TestPoint)
    Local override; warning
[missing_footprint]: Empreinte manquante TP9 (TestPoint)
    Local override; warning
[missing_footprint]: Empreinte manquante TP10 (TestPoint)
    Local override; warning
[footprint_symbol_mismatch]: l'empreinte D2 (Diode_SMD:D_SOD-523) ne correspond pas à celle donnée par le symbole (Diode_SMD:D_SOD-123).
    Local override; warning
    @(82.3976 mm, 105.2754 mm): Empreinte D2
[footprint_symbol_mismatch]: l'empreinte D3 (Diode_SMD:D_SOD-523) ne correspond pas à celle donnée par le symbole (Diode_SMD:D_SOD-123).
    Local override; warning
    @(82.2960 mm, 111.7778 mm): Empreinte D3
[footprint_symbol_mismatch]: l'empreinte D6 (Diode_SMD:D_SOD-523) ne correspond pas à celle donnée par le symbole (Diode_SMD:D_SOD-123).
    Local override; warning
    @(123.2596 mm, 105.5294 mm): Empreinte D6
[footprint_symbol_mismatch]: l'empreinte D7 (Diode_SMD:D_SOD-523) ne correspond pas à celle donnée par le symbole (Diode_SMD:D_SOD-123).
    Local override; warning
    @(123.1580 mm, 112.0318 mm): Empreinte D7
[footprint_symbol_mismatch]: l'empreinte D10 (Diode_SMD:D_SOD-523) ne correspond pas à celle donnée par le symbole (Diode_SMD:D_SOD-123).
    Local override; warning
    @(162.4076 mm, 105.5294 mm): Empreinte D10
[footprint_symbol_mismatch]: l'empreinte D11 (Diode_SMD:D_SOD-523) ne correspond pas à celle donnée par le symbole (Diode_SMD:D_SOD-123).
    Local override; warning
    @(162.3060 mm, 112.0318 mm): Empreinte D11
[footprint_symbol_mismatch]: l'empreinte D14 (Diode_SMD:D_SOD-523) ne correspond pas à celle donnée par le symbole (Diode_SMD:D_SOD-123).
    Local override; warning
    @(201.7776 mm, 105.5294 mm): Empreinte D14
[footprint_symbol_mismatch]: l'empreinte D15 (Diode_SMD:D_SOD-523) ne correspond pas à celle donnée par le symbole (Diode_SMD:D_SOD-123).
    Local override; warning
    @(201.6760 mm, 112.0318 mm): Empreinte D15

** End of Report **
