{"type":"server-started","port":49322,"host":"127.0.0.1","url_host":"localhost","url":"http://localhost:49322","screen_dir":"/Users/electron/Documents/Lelectron_rare/1-KXKM/KXKM_Batterie_Parallelator/.superpowers/brainstorm/41015-1775076599/content","state_dir":"/Users/electron/Documents/Lelectron_rare/1-KXKM/KXKM_Batterie_Parallelator/.superpowers/brainstorm/41015-1775076599/state"}
{"type":"screen-added","file":"/Users/electron/Documents/Lelectron_rare/1-KXKM/KXKM_Batterie_Parallelator/.superpowers/brainstorm/41015-1775076599/content/01-current-issues.html"}
{"type":"screen-updated","file":"/Users/electron/Documents/Lelectron_rare/1-KXKM/KXKM_Batterie_Parallelator/.superpowers/brainstorm/41015-1775076599/content/01-current-issues.html"}
{"source":"user-event","type":"click","text":"C\n    \n      Fonctionnalités manquantes\n      Pas de climat AHT30, pas de status BLE/WiFi, pas de config runtime, courant toujours 0A","choice":"c","id":null,"timestamp":1775076679371}
{"source":"user-event","type":"click","text":"D\n    \n      Look trop brut\n      Design technique/développeur, pas assez pro pour un produit terrain KXKM","choice":"d","id":null,"timestamp":1775076685508}
{"source":"user-event","type":"click","text":"C\n    \n      Fonctionnalités manquantes\n      Pas de climat AHT30, pas de status BLE/WiFi, pas de config runtime, courant toujours 0A","choice":"c","id":null,"timestamp":1775076702824}
{"source":"user-event","type":"click","text":"C\n    \n      Fonctionnalités manquantes\n      Pas de climat AHT30, pas de status BLE/WiFi, pas de config runtime, courant toujours 0A","choice":"c","id":null,"timestamp":1775076703036}
{"type":"screen-added","file":"/Users/electron/Documents/Lelectron_rare/1-KXKM/KXKM_Batterie_Parallelator/.superpowers/brainstorm/41015-1775076599/content/02-navigation.html"}
{"type":"screen-updated","file":"/Users/electron/Documents/Lelectron_rare/1-KXKM/KXKM_Batterie_Parallelator/.superpowers/brainstorm/41015-1775076599/content/02-navigation.html"}
{"type":"screen-added","file":"/Users/electron/Documents/Lelectron_rare/1-KXKM/KXKM_Batterie_Parallelator/.superpowers/brainstorm/41015-1775076599/content/03-battery-grid.html"}
{"type":"screen-updated","file":"/Users/electron/Documents/Lelectron_rare/1-KXKM/KXKM_Batterie_Parallelator/.superpowers/brainstorm/41015-1775076599/content/03-battery-grid.html"}
{"source":"user-event","type":"click","text":"B — Liste avec barres de progression\n    \n      ⚡ KXKM-BMU-kryole\n      \n        \n          ●\n          B1\n          \n            \n          \n          26.4V\n          1.2A\n        \n        \n          ●\n          B2\n          \n            \n          \n          26.3V\n          0.8A\n        \n        \n          ●\n          B3\n          \n          OFF\n          —\n        \n        \n          ●\n          B4\n          \n            \n          \n          26.5V\n          2.1A\n        \n      \n      moy 26.4V · 4.1A total · 🌡23°C 💧45%","choice":"b","id":null,"timestamp":1775076781666}
{"type":"screen-added","file":"/Users/electron/Documents/Lelectron_rare/1-KXKM/KXKM_Batterie_Parallelator/.superpowers/brainstorm/41015-1775076599/content/04-system-screen.html"}
{"type":"screen-updated","file":"/Users/electron/Documents/Lelectron_rare/1-KXKM/KXKM_Batterie_Parallelator/.superpowers/brainstorm/41015-1775076599/content/04-system-screen.html"}
{"source":"user-event","type":"click","text":"✓\n    \n      Ce layout me va\n      Sections compactes, toutes les infos en un écran sans scroll","choice":"ok","id":null,"timestamp":1775076871777}
{"type":"screen-added","file":"/Users/electron/Documents/Lelectron_rare/1-KXKM/KXKM_Batterie_Parallelator/.superpowers/brainstorm/41015-1775076599/content/05-color-theme.html"}
{"type":"screen-added","file":"/Users/electron/Documents/Lelectron_rare/1-KXKM/KXKM_Batterie_Parallelator/.superpowers/brainstorm/41015-1775076599/content/06-waiting.html"}
{"type":"screen-updated","file":"/Users/electron/Documents/Lelectron_rare/1-KXKM/KXKM_Batterie_Parallelator/.superpowers/brainstorm/41015-1775076599/content/06-waiting.html"}
{"type":"screen-added","file":"/Users/electron/Documents/Lelectron_rare/1-KXKM/KXKM_Batterie_Parallelator/.superpowers/brainstorm/41015-1775076599/content/07-dashboard-icons.html"}
{"type":"screen-updated","file":"/Users/electron/Documents/Lelectron_rare/1-KXKM/KXKM_Batterie_Parallelator/.superpowers/brainstorm/41015-1775076599/content/07-dashboard-icons.html"}
{"type":"screen-added","file":"/Users/electron/Documents/Lelectron_rare/1-KXKM/KXKM_Batterie_Parallelator/.superpowers/brainstorm/41015-1775076599/content/08-topbar-refined.html"}
{"type":"screen-updated","file":"/Users/electron/Documents/Lelectron_rare/1-KXKM/KXKM_Batterie_Parallelator/.superpowers/brainstorm/41015-1775076599/content/08-topbar-refined.html"}
{"type":"screen-added","file":"/Users/electron/Documents/Lelectron_rare/1-KXKM/KXKM_Batterie_Parallelator/.superpowers/brainstorm/41015-1775076599/content/09-tabs-with-soh.html"}
{"type":"screen-updated","file":"/Users/electron/Documents/Lelectron_rare/1-KXKM/KXKM_Batterie_Parallelator/.superpowers/brainstorm/41015-1775076599/content/09-tabs-with-soh.html"}
{"type":"screen-added","file":"/Users/electron/Documents/Lelectron_rare/1-KXKM/KXKM_Batterie_Parallelator/.superpowers/brainstorm/41015-1775076599/content/10-full-preview.html"}
{"type":"screen-updated","file":"/Users/electron/Documents/Lelectron_rare/1-KXKM/KXKM_Batterie_Parallelator/.superpowers/brainstorm/41015-1775076599/content/10-full-preview.html"}
{"type":"server-stopped","reason":"owner process exited"}
